<?xml version="1.0" encoding="UTF-8" ?>
<testsuite tests="3" failures="1" name="Chapter1Hibernate5.Hibernate.PersistenceTest" time="4.779" errors="0" skipped="2">
  <properties>
    <property name="java.runtime.name" value="OpenJDK Runtime Environment"/>
    <property name="sun.boot.library.path" value="C:\Users\felipe.elizalde\.OpenJDK\OpenJDK8\jre\bin"/>
    <property name="java.vm.version" value="25.272-b17"/>
    <property name="jdk.vendor.version" value="Zulu 8.50.0.21-CA-win64"/>
    <property name="java.vm.vendor" value="Azul Systems, Inc."/>
    <property name="maven.multiModuleProjectDirectory" value="C:\Users\felipe.elizalde\Documents\GitHub\Learning_JMX"/>
    <property name="java.vendor.url" value="http://www.azulsystems.com/"/>
    <property name="path.separator" value=";"/>
    <property name="guice.disable.misplaced.annotation.check" value="true"/>
    <property name="java.vm.name" value="OpenJDK 64-Bit Server VM"/>
    <property name="file.encoding.pkg" value="sun.io"/>
    <property name="user.script" value=""/>
    <property name="user.country" value="US"/>
    <property name="sun.java.launcher" value="SUN_STANDARD"/>
    <property name="sun.os.patch.level" value=""/>
    <property name="java.vm.specification.name" value="Java Virtual Machine Specification"/>
    <property name="user.dir" value="C:\Users\felipe.elizalde\Documents\GitHub\Learning_JMX"/>
    <property name="java.runtime.version" value="1.8.0_272-b17"/>
    <property name="java.awt.graphicsenv" value="sun.awt.Win32GraphicsEnvironment"/>
    <property name="java.endorsed.dirs" value="C:\Users\felipe.elizalde\.OpenJDK\OpenJDK8\jre\lib\endorsed"/>
    <property name="os.arch" value="amd64"/>
    <property name="java.io.tmpdir" value="C:\Users\FELIPE~1.ELI\AppData\Local\Temp\"/>
    <property name="line.separator" value="
"/>
    <property name="java.vm.specification.vendor" value="Oracle Corporation"/>
    <property name="user.variant" value=""/>
    <property name="os.name" value="Windows 10"/>
    <property name="classworlds.conf" value="C:\Program Files\apache-maven-3.6.3\bin\..\bin\m2.conf"/>
    <property name="sun.jnu.encoding" value="Cp1252"/>
    <property name="java.library.path" value="C:\Users\felipe.elizalde\.OpenJDK\OpenJDK8\bin;C:\WINDOWS\Sun\Java\bin;C:\WINDOWS\system32;C:\WINDOWS;C:\Program Files\PowerShell\7;C:\Program Files\WindowsApps\Microsoft.WindowsTerminal_1.9.1942.0_x64__8wekyb3d8bbwe;C:\Program Files (x86)\Common Files\Oracle\Java\javapath;C:\Users\felipe.elizalde\.OpenJDK\OpenJDK8\bin;C:\Program Files (x86)\Vim\vim82;C:\WINDOWS\system32;C:\WINDOWS;C:\WINDOWS\System32\Wbem;C:\WINDOWS\System32\WindowsPowerShell\v1.0\;C:\WINDOWS\System32\OpenSSH\;C:\Program Files\PowerShell\7\;C:\Program Files\AccuRevClient\bin;C:\Program Files\AccuRevClient\git-client;C:\Program Files\dotnet\;C:\Program Files\Microsoft SQL Server\130\Tools\Binn\;C:\Program Files\Microsoft SQL Server\Client SDK\ODBC\170\Tools\Binn\;C:\Program Files\apache-maven-3.6.3\bin;C:\Program Files\Git\cmd;C:\Program Files\PostgreSQL\13\bin;C:\Program Files (x86)\GnuWin32\bin;C:\Program Files\Common Files\Oracle\Java\javapath;C:\Program Files (x86)\dotnet\;C:\Program Files (x86)\Microsoft Visual Studio\2019\Community\MSBuild\Current\Bin\;C:\Program Files\Notepad++;C:\Program Files (x86)\Microsoft SQL Server\150\Tools\Binn\;C:\Program Files\Microsoft SQL Server\150\Tools\Binn\;C:\Program Files\Microsoft SQL Server\150\DTS\Binn\;C:\Program Files (x86)\Microsoft SQL Server\150\DTS\Binn\;C:\Program Files\Azure Data Studio\bin;C:\Program Files\nodejs\;C:\Users\felipe.elizalde\AppData\Local\Microsoft\WindowsApps;C:\Users\felipe.elizalde\AppData\Local\Programs\Microsoft VS Code\bin;C:\Users\felipe.elizalde\.dotnet\tools;C:\Users\felipe.elizalde\AppData\Local\GitHubDesktop\bin;C:\Program Files\Azure Data Studio\bin;C:\Users\felipe.elizalde\AppData\Roaming\npm;."/>
    <property name="maven.conf" value="C:\Program Files\apache-maven-3.6.3\bin\../conf"/>
    <property name="java.specification.name" value="Java Platform API Specification"/>
    <property name="java.class.version" value="52.0"/>
    <property name="sun.management.compiler" value="HotSpot 64-Bit Tiered Compilers"/>
    <property name="os.version" value="10.0"/>
    <property name="library.jansi.path" value="C:\Program Files\apache-maven-3.6.3\bin\..\lib\jansi-native"/>
    <property name="user.home" value="C:\Users\felipe.elizalde"/>
    <property name="user.timezone" value="America/Mexico_City"/>
    <property name="java.awt.printerjob" value="sun.awt.windows.WPrinterJob"/>
    <property name="java.specification.version" value="1.8"/>
    <property name="file.encoding" value="Cp1252"/>
    <property name="user.name" value="Felipe.Elizalde"/>
    <property name="java.class.path" value="C:\Program Files\apache-maven-3.6.3\bin\..\boot\plexus-classworlds-2.6.0.jar"/>
    <property name="java.vm.specification.version" value="1.8"/>
    <property name="sun.arch.data.model" value="64"/>
    <property name="java.home" value="C:\Users\felipe.elizalde\.OpenJDK\OpenJDK8\jre"/>
    <property name="sun.java.command" value="org.codehaus.plexus.classworlds.launcher.Launcher install"/>
    <property name="java.specification.vendor" value="Oracle Corporation"/>
    <property name="user.language" value="en"/>
    <property name="awt.toolkit" value="sun.awt.windows.WToolkit"/>
    <property name="java.vm.info" value="mixed mode"/>
    <property name="java.version" value="1.8.0_272"/>
    <property name="java.ext.dirs" value="C:\Users\felipe.elizalde\.OpenJDK\OpenJDK8\jre\lib\ext;C:\WINDOWS\Sun\Java\lib\ext"/>
    <property name="sun.boot.class.path" value="C:\Users\felipe.elizalde\.OpenJDK\OpenJDK8\jre\lib\resources.jar;C:\Users\felipe.elizalde\.OpenJDK\OpenJDK8\jre\lib\rt.jar;C:\Users\felipe.elizalde\.OpenJDK\OpenJDK8\jre\lib\sunrsasign.jar;C:\Users\felipe.elizalde\.OpenJDK\OpenJDK8\jre\lib\jsse.jar;C:\Users\felipe.elizalde\.OpenJDK\OpenJDK8\jre\lib\jce.jar;C:\Users\felipe.elizalde\.OpenJDK\OpenJDK8\jre\lib\charsets.jar;C:\Users\felipe.elizalde\.OpenJDK\OpenJDK8\jre\lib\jfr.jar;C:\Users\felipe.elizalde\.OpenJDK\OpenJDK8\jre\classes"/>
    <property name="sun.stderr.encoding" value="cp437"/>
    <property name="java.vendor" value="Azul Systems, Inc."/>
    <property name="maven.home" value="C:\Program Files\apache-maven-3.6.3\bin\.."/>
    <property name="file.separator" value="\"/>
    <property name="java.vendor.url.bug" value="http://www.azulsystems.com/support/"/>
    <property name="sun.cpu.endian" value="little"/>
    <property name="sun.io.unicode.encoding" value="UnicodeLittle"/>
    <property name="sun.stdout.encoding" value="cp437"/>
    <property name="sun.desktop" value="windows"/>
    <property name="sun.cpu.isalist" value="amd64"/>
  </properties>
  <testcase classname="Chapter1Hibernate5.Hibernate.PersistenceTest" name="setUp" time="4.779">
    <failure message="Unable to load class [LearningHibernate.Message]" type="org.hibernate.boot.registry.classloading.spi.ClassLoadingException">org.hibernate.boot.registry.classloading.spi.ClassLoadingException: Unable to load class [LearningHibernate.Message]
	at org.hibernate.boot.registry.classloading.internal.ClassLoaderServiceImpl.classForName(ClassLoaderServiceImpl.java:133)
	at org.hibernate.boot.model.source.internal.annotations.AnnotationMetadataSourceProcessorImpl.&lt;init&gt;(AnnotationMetadataSourceProcessorImpl.java:108)
	at org.hibernate.boot.model.process.spi.MetadataBuildingProcess$1.&lt;init&gt;(MetadataBuildingProcess.java:164)
	at org.hibernate.boot.model.process.spi.MetadataBuildingProcess.complete(MetadataBuildingProcess.java:158)
	at org.hibernate.boot.model.process.spi.MetadataBuildingProcess.build(MetadataBuildingProcess.java:86)
	at org.hibernate.boot.internal.MetadataBuilderImpl.build(MetadataBuilderImpl.java:479)
	at org.hibernate.boot.internal.MetadataBuilderImpl.build(MetadataBuilderImpl.java:85)
	at org.hibernate.boot.MetadataSources.buildMetadata(MetadataSources.java:202)
	at Chapter1Hibernate5.Hibernate.PersistenceTest.setUp(PersistenceTest.java:29)
Caused by: java.lang.ClassNotFoundException: Could not load requested class : LearningHibernate.Message
	at org.hibernate.boot.registry.classloading.internal.AggregatedClassLoader.findClass(AggregatedClassLoader.java:210)
	at java.lang.ClassLoader.loadClass(ClassLoader.java:419)
	at java.lang.ClassLoader.loadClass(ClassLoader.java:352)
	at java.lang.Class.forName0(Native Method)
	at java.lang.Class.forName(Class.java:348)
	at org.hibernate.boot.registry.classloading.internal.ClassLoaderServiceImpl.classForName(ClassLoaderServiceImpl.java:130)
	... 43 more
</failure>
    <system-out>Configuring TestNG with: org.apache.maven.surefire.testng.conf.TestNG652Configurator@19e1023e
</system-out>
    <system-err>Aug 23, 2021 3:02:30 PM org.hibernate.Version logVersion
INFO: HHH000412: Hibernate ORM core version 5.4.31.Final
Aug 23, 2021 3:02:31 PM org.hibernate.annotations.common.reflection.java.JavaReflectionManager &lt;clinit&gt;
INFO: HCANN000001: Hibernate Commons Annotations {5.1.2.Final}
Aug 23, 2021 3:02:31 PM org.hibernate.engine.jdbc.connections.internal.DriverManagerConnectionProviderImpl configure
WARN: HHH10001002: Using Hibernate built-in connection pool (not for production use!)
Aug 23, 2021 3:02:31 PM org.hibernate.engine.jdbc.connections.internal.DriverManagerConnectionProviderImpl buildCreator
INFO: HHH10001005: using driver [org.postgresql.Driver] at URL [jdbc:postgresql://localhost:5432/toshibatestingdb?createDatabaseIfNotExist=true]
Aug 23, 2021 3:02:31 PM org.hibernate.engine.jdbc.connections.internal.DriverManagerConnectionProviderImpl buildCreator
INFO: HHH10001001: Connection properties: {user=postgres, password=****}
Aug 23, 2021 3:02:31 PM org.hibernate.engine.jdbc.connections.internal.DriverManagerConnectionProviderImpl buildCreator
INFO: HHH10001003: Autocommit mode: false
Aug 23, 2021 3:02:31 PM org.hibernate.engine.jdbc.connections.internal.DriverManagerConnectionProviderImpl$PooledConnections &lt;init&gt;
INFO: HHH000115: Hibernate connection pool size: 20 (min=1)
Aug 23, 2021 3:02:32 PM org.hibernate.dialect.Dialect &lt;init&gt;
INFO: HHH000400: Using dialect: org.hibernate.dialect.PostgreSQLDialect
</system-err>
  </testcase>
  <testcase classname="Chapter1Hibernate5.Hibernate.PersistenceTest" name="saveMessage" time="0">
    <skipped/>
  </testcase>
  <testcase classname="Chapter1Hibernate5.Hibernate.PersistenceTest" name="readMessage" time="0">
    <skipped/>
  </testcase>
</testsuite>